20:25:53,368 (AWT-EventQueue-0) DEBUG [DataNucleus.Persistence] - ExecutionContext "org.datanucleus.ExecutionContextImpl@24e1ea13" se abrió para la base de datos "org.datanucleus.store.rdbms.RDBMSStoreManager@8a2a335" con transaccion="org.datanucleus.TransactionImpl@5622108d"
20:25:53,368 (AWT-EventQueue-0) DEBUG [DataNucleus.Query] - Query de SQL : "SELECT * FROM USUARIO WHERE numeroDocumento = ?"
20:25:53,368 (AWT-EventQueue-0) DEBUG [DataNucleus.Connection] - ManagedConnection ABIERTO : "org.datanucleus.store.rdbms.ConnectionFactoryImpl$ManagedConnectionImpl@212b825 [conn=org.datanucleus.store.rdbms.datasource.dbcp2.PoolingDataSource$PoolGuardConnectionWrapper@29087b06, commitOnRelease=true, closeOnRelease=true, closeOnTxnEnd=true]" en resource "nontx" con isolación "read-committed" y auto-commit=false
20:25:53,368 (AWT-EventQueue-0) DEBUG [DataNucleus.Datastore] - Utilizando PreparedStatement "oracle.jdbc.driver.OraclePreparedStatementWrapper@6f68b0d2" para la conneccion "org.datanucleus.store.rdbms.datasource.dbcp2.PoolingDataSource$PoolGuardConnectionWrapper@29087b06"
20:25:53,368 (AWT-EventQueue-0) DEBUG [DataNucleus.Datastore.Native] - SELECT * FROM USUARIO WHERE numeroDocumento = <112233>
20:25:53,432 (AWT-EventQueue-0) DEBUG [DataNucleus.Datastore.Retrieve] - SQL Tiempo de cumplir = 64 ms
20:25:53,432 (AWT-EventQueue-0) DEBUG [DataNucleus.Connection] - ManagedConnection VA A COMMIT : "org.datanucleus.store.rdbms.ConnectionFactoryImpl$ManagedConnectionImpl@212b825 [conn=org.datanucleus.store.rdbms.datasource.dbcp2.PoolingDataSource$PoolGuardConnectionWrapper@29087b06, commitOnRelease=true, closeOnRelease=true, closeOnTxnEnd=true]"
20:25:53,438 (AWT-EventQueue-0) DEBUG [DataNucleus.Query] - Leyendo los resultados del query "org.datanucleus.store.rdbms.query.SQLQuery@11a3a960" como la conneccion va a cerrar o cometer
20:25:53,438 (AWT-EventQueue-0) DEBUG [DataNucleus.Query] - La clase de resultado "uniandes.isis2304.parranderos.negocio.Usuario" no tiene un constructor con arguments de tipos [class java.lang.String, class java.lang.String, class java.math.BigDecimal, class java.lang.String, class java.lang.String, class java.lang.String, class java.lang.String, null, null, null]
20:25:53,438 (AWT-EventQueue-0) DEBUG [DataNucleus.Query] - La clase de resultado "uniandes.isis2304.parranderos.negocio.Usuario" no tiene un campo publico "nombre"
20:25:53,438 (AWT-EventQueue-0) DEBUG [DataNucleus.Query] - ResultObject set field=NOMBRE using public setNombre() method
20:25:53,438 (AWT-EventQueue-0) DEBUG [DataNucleus.Query] - La clase de resultado "uniandes.isis2304.parranderos.negocio.Usuario" no tiene un campo publico "rol"
20:25:53,438 (AWT-EventQueue-0) DEBUG [DataNucleus.Query] - ResultObject set field=ROL using public setRol() method
20:25:53,439 (AWT-EventQueue-0) DEBUG [DataNucleus.Query] - La clase de resultado "uniandes.isis2304.parranderos.negocio.Usuario" no tiene un campo publico "edad"
20:25:53,439 (AWT-EventQueue-0) DEBUG [DataNucleus.Query] - ResultObject set field=EDAD using setEdad() method after converting value
20:25:53,439 (AWT-EventQueue-0) DEBUG [DataNucleus.Query] - La clase de resultado "uniandes.isis2304.parranderos.negocio.Usuario" no tiene un campo publico "telefono"
20:25:53,439 (AWT-EventQueue-0) DEBUG [DataNucleus.Query] - ResultObject set field=TELEFONO using public setTelefono() method
20:25:53,439 (AWT-EventQueue-0) DEBUG [DataNucleus.Query] - La clase de resultado "uniandes.isis2304.parranderos.negocio.Usuario" no tiene un campo publico "tipoDocumento"
20:25:53,439 (AWT-EventQueue-0) DEBUG [DataNucleus.Query] - ResultObject set field=TIPODOCUMENTO using public setTipoDocumento() method
20:25:53,439 (AWT-EventQueue-0) DEBUG [DataNucleus.Query] - La clase de resultado "uniandes.isis2304.parranderos.negocio.Usuario" no tiene un campo publico "numeroDocumento"
20:25:53,439 (AWT-EventQueue-0) DEBUG [DataNucleus.Query] - ResultObject set field=NUMERODOCUMENTO using public setNumeroDocumento() method
20:25:53,439 (AWT-EventQueue-0) DEBUG [DataNucleus.Query] - La clase de resultado "uniandes.isis2304.parranderos.negocio.Usuario" no tiene un campo publico "correo"
20:25:53,439 (AWT-EventQueue-0) DEBUG [DataNucleus.Query] - ResultObject set field=CORREO using public setCorreo() method
20:25:53,439 (AWT-EventQueue-0) DEBUG [DataNucleus.Query] - La clase de resultado "uniandes.isis2304.parranderos.negocio.Usuario" no tiene un campo publico "fechaLlegada"
20:25:53,439 (AWT-EventQueue-0) DEBUG [DataNucleus.Query] - ResultObject set field=FECHALLEGADA using public setFechaLlegada() method
20:25:53,439 (AWT-EventQueue-0) DEBUG [DataNucleus.Query] - La clase de resultado "uniandes.isis2304.parranderos.negocio.Usuario" no tiene un campo publico "fechaSalida"
20:25:53,439 (AWT-EventQueue-0) DEBUG [DataNucleus.Query] - ResultObject set field=FECHASALIDA using public setFechaSalida() method
20:25:53,439 (AWT-EventQueue-0) DEBUG [DataNucleus.Query] - La clase de resultado "uniandes.isis2304.parranderos.negocio.Usuario" no tiene un campo publico "numeroHabitacion"
20:25:53,439 (AWT-EventQueue-0) DEBUG [DataNucleus.Query] - ResultObject set field=NUMEROHABITACION using public setNumeroHabitacion() method
20:25:53,439 (AWT-EventQueue-0) DEBUG [DataNucleus.Connection] - ManagedConnection CERRADO : "org.datanucleus.store.rdbms.ConnectionFactoryImpl$ManagedConnectionImpl@212b825 [conn=org.datanucleus.store.rdbms.datasource.dbcp2.PoolingDataSource$PoolGuardConnectionWrapper@29087b06, commitOnRelease=true, closeOnRelease=true, closeOnTxnEnd=true]" 
20:25:53,447 (AWT-EventQueue-0) DEBUG [DataNucleus.Persistence] - ExecutionContext "org.datanucleus.ExecutionContextImpl@7a8c5d52" se abrió para la base de datos "org.datanucleus.store.rdbms.RDBMSStoreManager@8a2a335" con transaccion="org.datanucleus.TransactionImpl@10b6c94e"
20:25:53,447 (AWT-EventQueue-0) DEBUG [DataNucleus.Query] - Query de SQL : "SELECT * FROM RESERVA WHERE idUsuario = ? AND fechaComienzo = ?"
20:25:53,447 (AWT-EventQueue-0) DEBUG [DataNucleus.Connection] - ManagedConnection ABIERTO : "org.datanucleus.store.rdbms.ConnectionFactoryImpl$ManagedConnectionImpl@170d2349 [conn=org.datanucleus.store.rdbms.datasource.dbcp2.PoolingDataSource$PoolGuardConnectionWrapper@f738a37, commitOnRelease=true, closeOnRelease=true, closeOnTxnEnd=true]" en resource "nontx" con isolación "read-committed" y auto-commit=false
20:25:53,447 (AWT-EventQueue-0) DEBUG [DataNucleus.Datastore] - Utilizando PreparedStatement "oracle.jdbc.driver.OraclePreparedStatementWrapper@29a9ce2e" para la conneccion "org.datanucleus.store.rdbms.datasource.dbcp2.PoolingDataSource$PoolGuardConnectionWrapper@f738a37"
20:25:53,447 (AWT-EventQueue-0) DEBUG [DataNucleus.Datastore.Native] - SELECT * FROM RESERVA WHERE idUsuario = <'112233'> AND fechaComienzo = <2019-02-02 00:00:00.0>
20:25:53,457 (AWT-EventQueue-0) DEBUG [DataNucleus.Datastore.Retrieve] - SQL Tiempo de cumplir = 10 ms
20:25:53,458 (AWT-EventQueue-0) DEBUG [DataNucleus.Connection] - ManagedConnection VA A COMMIT : "org.datanucleus.store.rdbms.ConnectionFactoryImpl$ManagedConnectionImpl@170d2349 [conn=org.datanucleus.store.rdbms.datasource.dbcp2.PoolingDataSource$PoolGuardConnectionWrapper@f738a37, commitOnRelease=true, closeOnRelease=true, closeOnTxnEnd=true]"
20:25:53,463 (AWT-EventQueue-0) DEBUG [DataNucleus.Query] - Leyendo los resultados del query "org.datanucleus.store.rdbms.query.SQLQuery@b338bae9" como la conneccion va a cerrar o cometer
20:25:53,464 (AWT-EventQueue-0) DEBUG [DataNucleus.Query] - La clase de resultado "uniandes.isis2304.parranderos.negocio.Reserva" no tiene un constructor con arguments de tipos [class java.lang.String, class java.lang.String, class java.math.BigDecimal, class oracle.sql.TIMESTAMP, class oracle.sql.TIMESTAMP, class java.lang.String, class java.lang.String, class java.lang.String, null]
20:25:53,464 (AWT-EventQueue-0) DEBUG [DataNucleus.Query] - La clase de resultado "uniandes.isis2304.parranderos.negocio.Reserva" no tiene un campo publico "id"
20:25:53,464 (AWT-EventQueue-0) DEBUG [DataNucleus.Query] - ResultObject set field=ID using public setId() method
20:25:53,464 (AWT-EventQueue-0) DEBUG [DataNucleus.Query] - La clase de resultado "uniandes.isis2304.parranderos.negocio.Reserva" no tiene un campo publico "metodoDePago"
20:25:53,464 (AWT-EventQueue-0) DEBUG [DataNucleus.Query] - ResultObject set field=METODODEPAGO using public setMetodoDePago() method
20:25:53,464 (AWT-EventQueue-0) DEBUG [DataNucleus.Query] - La clase de resultado "uniandes.isis2304.parranderos.negocio.Reserva" no tiene un campo publico "cantidadPersonas"
20:25:53,464 (AWT-EventQueue-0) DEBUG [DataNucleus.Query] - ResultObject set field=CANTIDADPERSONAS using setCantidadPersonas() method after converting value
20:25:53,464 (AWT-EventQueue-0) DEBUG [DataNucleus.Query] - La clase de resultado "uniandes.isis2304.parranderos.negocio.Reserva" no tiene un campo publico "fechaComienzo"
20:25:53,464 (AWT-EventQueue-0) DEBUG [DataNucleus.Query] - ResultObject set field=FECHACOMIENZO using setFechaComienzo() method after converting value
20:25:53,464 (AWT-EventQueue-0) DEBUG [DataNucleus.Query] - La clase de resultado "uniandes.isis2304.parranderos.negocio.Reserva" no tiene un campo publico "fechaFin"
20:25:53,464 (AWT-EventQueue-0) DEBUG [DataNucleus.Query] - ResultObject set field=FECHAFIN using setFechaFin() method after converting value
20:25:53,464 (AWT-EventQueue-0) DEBUG [DataNucleus.Query] - La clase de resultado "uniandes.isis2304.parranderos.negocio.Reserva" no tiene un campo publico "tipoHabitacion"
20:25:53,464 (AWT-EventQueue-0) DEBUG [DataNucleus.Query] - ResultObject set field=TIPOHABITACION using public setTipoHabitacion() method
20:25:53,464 (AWT-EventQueue-0) DEBUG [DataNucleus.Query] - La clase de resultado "uniandes.isis2304.parranderos.negocio.Reserva" no tiene un campo publico "planConsumo"
20:25:53,464 (AWT-EventQueue-0) DEBUG [DataNucleus.Query] - ResultObject set field=PLANCONSUMO using public setPlanConsumo() method
20:25:53,464 (AWT-EventQueue-0) DEBUG [DataNucleus.Query] - La clase de resultado "uniandes.isis2304.parranderos.negocio.Reserva" no tiene un campo publico "idUsuario"
20:25:53,464 (AWT-EventQueue-0) DEBUG [DataNucleus.Query] - ResultObject set field=IDUSUARIO using public setIdUsuario() method
20:25:53,464 (AWT-EventQueue-0) DEBUG [DataNucleus.Query] - La clase de resultado "uniandes.isis2304.parranderos.negocio.Reserva" no tiene un campo publico "idProducto"
20:25:53,464 (AWT-EventQueue-0) DEBUG [DataNucleus.Query] - ResultObject set field=IDPRODUCTO using public setIdProducto() method
20:25:53,464 (AWT-EventQueue-0) DEBUG [DataNucleus.Query] - La clase de resultado "uniandes.isis2304.parranderos.negocio.Reserva" no tiene un constructor con arguments de tipos [class java.lang.String, class java.lang.String, class java.math.BigDecimal, class oracle.sql.TIMESTAMP, class oracle.sql.TIMESTAMP, null, null, class java.lang.String, null]
20:25:53,465 (AWT-EventQueue-0) DEBUG [DataNucleus.Query] - La clase de resultado "uniandes.isis2304.parranderos.negocio.Reserva" no tiene un campo publico "id"
20:25:53,465 (AWT-EventQueue-0) DEBUG [DataNucleus.Query] - ResultObject set field=ID using public setId() method
20:25:53,465 (AWT-EventQueue-0) DEBUG [DataNucleus.Query] - La clase de resultado "uniandes.isis2304.parranderos.negocio.Reserva" no tiene un campo publico "metodoDePago"
20:25:53,465 (AWT-EventQueue-0) DEBUG [DataNucleus.Query] - ResultObject set field=METODODEPAGO using public setMetodoDePago() method
20:25:53,465 (AWT-EventQueue-0) DEBUG [DataNucleus.Query] - La clase de resultado "uniandes.isis2304.parranderos.negocio.Reserva" no tiene un campo publico "cantidadPersonas"
20:25:53,465 (AWT-EventQueue-0) DEBUG [DataNucleus.Query] - ResultObject set field=CANTIDADPERSONAS using setCantidadPersonas() method after converting value
20:25:53,465 (AWT-EventQueue-0) DEBUG [DataNucleus.Query] - La clase de resultado "uniandes.isis2304.parranderos.negocio.Reserva" no tiene un campo publico "fechaComienzo"
20:25:53,465 (AWT-EventQueue-0) DEBUG [DataNucleus.Query] - ResultObject set field=FECHACOMIENZO using setFechaComienzo() method after converting value
20:25:53,465 (AWT-EventQueue-0) DEBUG [DataNucleus.Query] - La clase de resultado "uniandes.isis2304.parranderos.negocio.Reserva" no tiene un campo publico "fechaFin"
20:25:53,465 (AWT-EventQueue-0) DEBUG [DataNucleus.Query] - ResultObject set field=FECHAFIN using setFechaFin() method after converting value
20:25:53,465 (AWT-EventQueue-0) DEBUG [DataNucleus.Query] - La clase de resultado "uniandes.isis2304.parranderos.negocio.Reserva" no tiene un campo publico "tipoHabitacion"
20:25:53,465 (AWT-EventQueue-0) DEBUG [DataNucleus.Query] - ResultObject set field=TIPOHABITACION using public setTipoHabitacion() method
20:25:53,465 (AWT-EventQueue-0) DEBUG [DataNucleus.Query] - La clase de resultado "uniandes.isis2304.parranderos.negocio.Reserva" no tiene un campo publico "planConsumo"
20:25:53,465 (AWT-EventQueue-0) DEBUG [DataNucleus.Query] - ResultObject set field=PLANCONSUMO using public setPlanConsumo() method
20:25:53,465 (AWT-EventQueue-0) DEBUG [DataNucleus.Query] - La clase de resultado "uniandes.isis2304.parranderos.negocio.Reserva" no tiene un campo publico "idUsuario"
20:25:53,465 (AWT-EventQueue-0) DEBUG [DataNucleus.Query] - ResultObject set field=IDUSUARIO using public setIdUsuario() method
20:25:53,466 (AWT-EventQueue-0) DEBUG [DataNucleus.Query] - La clase de resultado "uniandes.isis2304.parranderos.negocio.Reserva" no tiene un campo publico "idProducto"
20:25:53,466 (AWT-EventQueue-0) DEBUG [DataNucleus.Query] - ResultObject set field=IDPRODUCTO using public setIdProducto() method
20:25:53,466 (AWT-EventQueue-0) DEBUG [DataNucleus.Query] - La clase de resultado "uniandes.isis2304.parranderos.negocio.Reserva" no tiene un constructor con arguments de tipos [class java.lang.String, class java.lang.String, class java.math.BigDecimal, class oracle.sql.TIMESTAMP, class oracle.sql.TIMESTAMP, class java.lang.String, class java.lang.String, class java.lang.String, null]
20:25:53,466 (AWT-EventQueue-0) DEBUG [DataNucleus.Query] - La clase de resultado "uniandes.isis2304.parranderos.negocio.Reserva" no tiene un campo publico "id"
20:25:53,466 (AWT-EventQueue-0) DEBUG [DataNucleus.Query] - ResultObject set field=ID using public setId() method
20:25:53,466 (AWT-EventQueue-0) DEBUG [DataNucleus.Query] - La clase de resultado "uniandes.isis2304.parranderos.negocio.Reserva" no tiene un campo publico "metodoDePago"
20:25:53,466 (AWT-EventQueue-0) DEBUG [DataNucleus.Query] - ResultObject set field=METODODEPAGO using public setMetodoDePago() method
20:25:53,466 (AWT-EventQueue-0) DEBUG [DataNucleus.Query] - La clase de resultado "uniandes.isis2304.parranderos.negocio.Reserva" no tiene un campo publico "cantidadPersonas"
20:25:53,466 (AWT-EventQueue-0) DEBUG [DataNucleus.Query] - ResultObject set field=CANTIDADPERSONAS using setCantidadPersonas() method after converting value
20:25:53,466 (AWT-EventQueue-0) DEBUG [DataNucleus.Query] - La clase de resultado "uniandes.isis2304.parranderos.negocio.Reserva" no tiene un campo publico "fechaComienzo"
20:25:53,466 (AWT-EventQueue-0) DEBUG [DataNucleus.Query] - ResultObject set field=FECHACOMIENZO using setFechaComienzo() method after converting value
20:25:53,466 (AWT-EventQueue-0) DEBUG [DataNucleus.Query] - La clase de resultado "uniandes.isis2304.parranderos.negocio.Reserva" no tiene un campo publico "fechaFin"
20:25:53,466 (AWT-EventQueue-0) DEBUG [DataNucleus.Query] - ResultObject set field=FECHAFIN using setFechaFin() method after converting value
20:25:53,466 (AWT-EventQueue-0) DEBUG [DataNucleus.Query] - La clase de resultado "uniandes.isis2304.parranderos.negocio.Reserva" no tiene un campo publico "tipoHabitacion"
20:25:53,466 (AWT-EventQueue-0) DEBUG [DataNucleus.Query] - ResultObject set field=TIPOHABITACION using public setTipoHabitacion() method
20:25:53,467 (AWT-EventQueue-0) DEBUG [DataNucleus.Query] - La clase de resultado "uniandes.isis2304.parranderos.negocio.Reserva" no tiene un campo publico "planConsumo"
20:25:53,467 (AWT-EventQueue-0) DEBUG [DataNucleus.Query] - ResultObject set field=PLANCONSUMO using public setPlanConsumo() method
20:25:53,467 (AWT-EventQueue-0) DEBUG [DataNucleus.Query] - La clase de resultado "uniandes.isis2304.parranderos.negocio.Reserva" no tiene un campo publico "idUsuario"
20:25:53,467 (AWT-EventQueue-0) DEBUG [DataNucleus.Query] - ResultObject set field=IDUSUARIO using public setIdUsuario() method
20:25:53,467 (AWT-EventQueue-0) DEBUG [DataNucleus.Query] - La clase de resultado "uniandes.isis2304.parranderos.negocio.Reserva" no tiene un campo publico "idProducto"
20:25:53,467 (AWT-EventQueue-0) DEBUG [DataNucleus.Query] - ResultObject set field=IDPRODUCTO using public setIdProducto() method
20:25:53,467 (AWT-EventQueue-0) DEBUG [DataNucleus.Connection] - ManagedConnection CERRADO : "org.datanucleus.store.rdbms.ConnectionFactoryImpl$ManagedConnectionImpl@170d2349 [conn=org.datanucleus.store.rdbms.datasource.dbcp2.PoolingDataSource$PoolGuardConnectionWrapper@f738a37, commitOnRelease=true, closeOnRelease=true, closeOnTxnEnd=true]" 
20:25:53,473 (AWT-EventQueue-0) INFO  [DataNucleus.JDO] - Exception thrown
El Query de JDOQL ha vuelto más que una instancia pero "unica" esta "verdad" o hay solo aggregados asi que debe devolver una como maxima.
org.datanucleus.store.query.QueryNotUniqueException: El Query de JDOQL ha vuelto más que una instancia pero "unica" esta "verdad" o hay solo aggregados asi que debe devolver una como maxima.
	at org.datanucleus.store.query.Query.executeQuery(Query.java:2002)
	at org.datanucleus.store.rdbms.query.SQLQuery.executeWithArray(SQLQuery.java:805)
	at org.datanucleus.api.jdo.JDOQuery.executeInternal(JDOQuery.java:433)
	at org.datanucleus.api.jdo.JDOQuery.executeUnique(JDOQuery.java:360)
	at uniandes.isis2304.parranderos.persistencia.SQLReserva.getReservado(SQLReserva.java:70)
	at uniandes.isis2304.parranderos.persistencia.Persistencia.getReserva(Persistencia.java:351)
	at uniandes.isis2304.parranderos.persistencia.Persistencia.registrarLlegadaUsuario(Persistencia.java:640)
	at uniandes.isis2304.parranderos.negocio.HotelAndes.registrarLlegadaCliente(HotelAndes.java:906)
	at uniandes.isis2304.parranderos.interfazApp.InterfazParranderosApp.registrarLlegadaCliente(InterfazParranderosApp.java:608)
	at sun.reflect.NativeMethodAccessorImpl.invoke0(Native Method)
	at sun.reflect.NativeMethodAccessorImpl.invoke(Unknown Source)
	at sun.reflect.DelegatingMethodAccessorImpl.invoke(Unknown Source)
	at java.lang.reflect.Method.invoke(Unknown Source)
	at uniandes.isis2304.parranderos.interfazApp.InterfazParranderosApp.actionPerformed(InterfazParranderosApp.java:990)
	at javax.swing.AbstractButton.fireActionPerformed(Unknown Source)
	at javax.swing.AbstractButton$Handler.actionPerformed(Unknown Source)
	at javax.swing.DefaultButtonModel.fireActionPerformed(Unknown Source)
	at javax.swing.DefaultButtonModel.setPressed(Unknown Source)
	at javax.swing.AbstractButton.doClick(Unknown Source)
	at javax.swing.plaf.basic.BasicMenuItemUI.doClick(Unknown Source)
	at javax.swing.plaf.basic.BasicMenuItemUI$Handler.mouseReleased(Unknown Source)
	at java.awt.Component.processMouseEvent(Unknown Source)
	at javax.swing.JComponent.processMouseEvent(Unknown Source)
	at java.awt.Component.processEvent(Unknown Source)
	at java.awt.Container.processEvent(Unknown Source)
	at java.awt.Component.dispatchEventImpl(Unknown Source)
	at java.awt.Container.dispatchEventImpl(Unknown Source)
	at java.awt.Component.dispatchEvent(Unknown Source)
	at java.awt.LightweightDispatcher.retargetMouseEvent(Unknown Source)
	at java.awt.LightweightDispatcher.processMouseEvent(Unknown Source)
	at java.awt.LightweightDispatcher.dispatchEvent(Unknown Source)
	at java.awt.Container.dispatchEventImpl(Unknown Source)
	at java.awt.Window.dispatchEventImpl(Unknown Source)
	at java.awt.Component.dispatchEvent(Unknown Source)
	at java.awt.EventQueue.dispatchEventImpl(Unknown Source)
	at java.awt.EventQueue.access$500(Unknown Source)
	at java.awt.EventQueue$3.run(Unknown Source)
	at java.awt.EventQueue$3.run(Unknown Source)
	at java.security.AccessController.doPrivileged(Native Method)
	at java.security.ProtectionDomain$JavaSecurityAccessImpl.doIntersectionPrivilege(Unknown Source)
	at java.security.ProtectionDomain$JavaSecurityAccessImpl.doIntersectionPrivilege(Unknown Source)
	at java.awt.EventQueue$4.run(Unknown Source)
	at java.awt.EventQueue$4.run(Unknown Source)
	at java.security.AccessController.doPrivileged(Native Method)
	at java.security.ProtectionDomain$JavaSecurityAccessImpl.doIntersectionPrivilege(Unknown Source)
	at java.awt.EventQueue.dispatchEvent(Unknown Source)
	at java.awt.EventDispatchThread.pumpOneEventForFilters(Unknown Source)
	at java.awt.EventDispatchThread.pumpEventsForFilter(Unknown Source)
	at java.awt.EventDispatchThread.pumpEventsForHierarchy(Unknown Source)
	at java.awt.EventDispatchThread.pumpEvents(Unknown Source)
	at java.awt.EventDispatchThread.pumpEvents(Unknown Source)
	at java.awt.EventDispatchThread.run(Unknown Source)
20:28:18,777 (main) DEBUG [DataNucleus.General] - Using PluginRegistry org.datanucleus.plugin.NonManagedPluginRegistry
20:28:18,800 (main) DEBUG [DataNucleus.General] - Registering bundle org.datanucleus.api.jdo version 5.1.7 at URL file:/C:/sistrans/github/iteracion1wan/it1_A-03_s.canales_s.canales10/lib/datanucleus-api-jdo-5.1.7.jar.
20:28:18,817 (main) DEBUG [DataNucleus.General] - Leyendo extension-points y extensiones del archivo de plug-in jar:file:/C:/sistrans/github/iteracion1wan/it1_A-03_s.canales_s.canales10/lib/datanucleus-api-jdo-5.1.7.jar!/plugin.xml.
20:28:18,827 (main) DEBUG [DataNucleus.General] - Registering bundle org.datanucleus version 5.1.10 at URL file:/C:/sistrans/github/iteracion1wan/it1_A-03_s.canales_s.canales10/lib/datanucleus-core-5.1.10.jar.
20:28:18,831 (main) DEBUG [DataNucleus.General] - Leyendo extension-points y extensiones del archivo de plug-in jar:file:/C:/sistrans/github/iteracion1wan/it1_A-03_s.canales_s.canales10/lib/datanucleus-core-5.1.10.jar!/plugin.xml.
20:28:18,840 (main) DEBUG [DataNucleus.General] - Registering bundle org.datanucleus.store.rdbms version 5.1.10 at URL file:/C:/sistrans/github/iteracion1wan/it1_A-03_s.canales_s.canales10/lib/datanucleus-rdbms-5.1.10.jar.
20:28:18,844 (main) DEBUG [DataNucleus.General] - Leyendo extension-points y extensiones del archivo de plug-in jar:file:/C:/sistrans/github/iteracion1wan/it1_A-03_s.canales_s.canales10/lib/datanucleus-rdbms-5.1.10.jar!/plugin.xml.
20:28:18,888 (main) DEBUG [DataNucleus.MetaData] - Analizando el MetaData "file:/C:/sistrans/github/iteracion1wan/it1_A-03_s.canales_s.canales10/target/classes/META-INF/persistence.xml" con handler "persistence" (validar="false")
20:28:18,909 (main) DEBUG [DataNucleus.Persistence] - Tipos de Java inicializando ...
20:28:18,967 (main) DEBUG [DataNucleus.Persistence] - Soporte para tipos de Java listo : tipos soportados = [B, [C, [D, [F, [I, [J, [Ljava.lang.Boolean;, [Ljava.lang.Byte;, [Ljava.lang.Character;, [Ljava.lang.Double;, [Ljava.lang.Enum;, [Ljava.lang.Float;, [Ljava.lang.Integer;, [Ljava.lang.Long;, [Ljava.lang.Number;, [Ljava.lang.Object;, [Ljava.lang.Short;, [Ljava.lang.String;, [Ljava.math.BigDecimal;, [Ljava.math.BigInteger;, [Ljava.util.Date;, [Ljava.util.Locale;, [S, [Z, boolean, byte, char, double, float, int, java.awt.Color, java.awt.image.BufferedImage, java.lang.Boolean, java.lang.Byte, java.lang.Character, java.lang.Class, java.lang.Double, java.lang.Enum, java.lang.Float, java.lang.Integer, java.lang.Long, java.lang.Number, java.lang.Short, java.lang.String, java.lang.StringBuffer, java.lang.StringBuilder, java.math.BigDecimal, java.math.BigInteger, java.net.URI, java.net.URL, java.sql.Date, java.sql.Time, java.sql.Timestamp, java.time.Duration, java.time.Instant, java.time.LocalDate, java.time.LocalDateTime, java.time.LocalTime, java.time.MonthDay, java.time.OffsetDateTime, java.time.OffsetTime, java.time.Period, java.time.Year, java.time.YearMonth, java.time.ZonedDateTime, java.time.ZoneId, java.time.ZoneOffset, java.util.ArrayList, java.util.Arrays$ArrayList, java.util.BitSet, java.util.Calendar, java.util.Collection, java.util.Currency, java.util.Date, java.util.GregorianCalendar, java.util.HashMap, java.util.HashSet, java.util.Hashtable, java.util.LinkedHashMap, java.util.LinkedHashSet, java.util.LinkedList, java.util.List, java.util.Locale, java.util.Map, java.util.Optional, java.util.PriorityQueue, java.util.Properties, java.util.Queue, java.util.Set, java.util.SortedMap, java.util.SortedSet, java.util.Stack, java.util.TimeZone, java.util.TreeMap, java.util.TreeSet, java.util.UUID, java.util.Vector, long, short
20:28:18,968 (main) DEBUG [DataNucleus.Persistence] - Inicializando TypeConverters ...
20:28:19,001 (main) DEBUG [DataNucleus.Persistence] - TypeConverters listo
20:28:19,002 (main) DEBUG [DataNucleus.Persistence] - TypeConverter(s) available for byte[] to : java.nio.ByteBuffer
20:28:19,002 (main) DEBUG [DataNucleus.Persistence] - TypeConverter(s) available for char[] to : java.nio.ByteBuffer
20:28:19,002 (main) DEBUG [DataNucleus.Persistence] - TypeConverter(s) available for double[] to : java.nio.ByteBuffer
20:28:19,002 (main) DEBUG [DataNucleus.Persistence] - TypeConverter(s) available for float[] to : java.nio.ByteBuffer
20:28:19,002 (main) DEBUG [DataNucleus.Persistence] - TypeConverter(s) available for int[] to : java.nio.ByteBuffer
20:28:19,002 (main) DEBUG [DataNucleus.Persistence] - TypeConverter(s) available for long[] to : java.nio.ByteBuffer
20:28:19,002 (main) DEBUG [DataNucleus.Persistence] - TypeConverter(s) available for [Ljava.math.BigDecimal; to : java.nio.ByteBuffer
20:28:19,002 (main) DEBUG [DataNucleus.Persistence] - TypeConverter(s) available for [Ljava.math.BigInteger; to : java.nio.ByteBuffer
20:28:19,002 (main) DEBUG [DataNucleus.Persistence] - TypeConverter(s) available for short[] to : java.nio.ByteBuffer
20:28:19,003 (main) DEBUG [DataNucleus.Persistence] - TypeConverter(s) available for boolean[] to : java.nio.ByteBuffer
20:28:19,003 (main) DEBUG [DataNucleus.Persistence] - TypeConverter(s) available for java.awt.Color to : java.lang.String,int[]
20:28:19,003 (main) DEBUG [DataNucleus.Persistence] - TypeConverter(s) available for java.awt.image.BufferedImage to : java.nio.ByteBuffer,byte[]
20:28:19,003 (main) DEBUG [DataNucleus.Persistence] - TypeConverter(s) available for java.io.Serializable to : java.lang.String,java.nio.ByteBuffer,byte[]
20:28:19,003 (main) DEBUG [DataNucleus.Persistence] - TypeConverter(s) available for java.lang.Boolean to : java.lang.Character,java.lang.Integer
20:28:19,003 (main) DEBUG [DataNucleus.Persistence] - TypeConverter(s) available for java.lang.Character to : java.lang.String
20:28:19,003 (main) DEBUG [DataNucleus.Persistence] - TypeConverter(s) available for java.lang.Class to : java.lang.String
20:28:19,003 (main) DEBUG [DataNucleus.Persistence] - TypeConverter(s) available for java.lang.Integer to : java.lang.String
20:28:19,003 (main) DEBUG [DataNucleus.Persistence] - TypeConverter(s) available for java.lang.Long to : java.lang.String
20:28:19,003 (main) DEBUG [DataNucleus.Persistence] - TypeConverter(s) available for java.lang.StringBuffer to : java.lang.String
20:28:19,003 (main) DEBUG [DataNucleus.Persistence] - TypeConverter(s) available for java.lang.StringBuilder to : java.lang.String
20:28:19,003 (main) DEBUG [DataNucleus.Persistence] - TypeConverter(s) available for java.math.BigDecimal to : java.lang.Double,java.lang.String
20:28:19,003 (main) DEBUG [DataNucleus.Persistence] - TypeConverter(s) available for java.math.BigInteger to : java.lang.String,java.lang.Long
20:28:19,003 (main) DEBUG [DataNucleus.Persistence] - TypeConverter(s) available for java.net.URI to : java.lang.String
20:28:19,003 (main) DEBUG [DataNucleus.Persistence] - TypeConverter(s) available for java.net.URL to : java.lang.String
20:28:19,003 (main) DEBUG [DataNucleus.Persistence] - TypeConverter(s) available for java.sql.Date to : java.lang.String,java.util.Date,java.lang.Long
20:28:19,003 (main) DEBUG [DataNucleus.Persistence] - TypeConverter(s) available for java.sql.Time to : java.lang.String,java.util.Date,java.lang.Long
20:28:19,004 (main) DEBUG [DataNucleus.Persistence] - TypeConverter(s) available for java.sql.Timestamp to : java.lang.String,java.util.Date,java.lang.Long
20:28:19,004 (main) DEBUG [DataNucleus.Persistence] - TypeConverter(s) available for java.time.Duration to : java.lang.Double,java.lang.String,java.lang.Long
20:28:19,004 (main) DEBUG [DataNucleus.Persistence] - TypeConverter(s) available for java.time.Instant to : java.lang.String,java.sql.Timestamp,java.util.Date,java.lang.Long
20:28:19,004 (main) DEBUG [DataNucleus.Persistence] - TypeConverter(s) available for java.time.LocalDate to : java.lang.String,java.util.Date,java.sql.Date
20:28:19,004 (main) DEBUG [DataNucleus.Persistence] - TypeConverter(s) available for java.time.LocalDateTime to : java.lang.String,java.sql.Timestamp,java.util.Date
20:28:19,004 (main) DEBUG [DataNucleus.Persistence] - TypeConverter(s) available for java.time.LocalTime to : java.lang.String,java.util.Date,java.sql.Time,java.lang.Long
20:28:19,004 (main) DEBUG [DataNucleus.Persistence] - TypeConverter(s) available for java.time.MonthDay to : java.lang.String,java.util.Date,int[],java.sql.Date
20:28:19,004 (main) DEBUG [DataNucleus.Persistence] - TypeConverter(s) available for java.time.OffsetDateTime to : java.lang.String,java.sql.Timestamp,java.util.Date
20:28:19,004 (main) DEBUG [DataNucleus.Persistence] - TypeConverter(s) available for java.time.OffsetTime to : java.lang.String,java.sql.Time,java.lang.Long
20:28:19,004 (main) DEBUG [DataNucleus.Persistence] - TypeConverter(s) available for java.time.Period to : java.lang.String,int[]
20:28:19,004 (main) DEBUG [DataNucleus.Persistence] - TypeConverter(s) available for java.time.Year to : java.lang.String,java.lang.Integer
20:28:19,004 (main) DEBUG [DataNucleus.Persistence] - TypeConverter(s) available for java.time.YearMonth to : java.lang.String,java.util.Date,int[],java.sql.Date
20:28:19,005 (main) DEBUG [DataNucleus.Persistence] - TypeConverter(s) available for java.time.ZonedDateTime to : java.lang.String,java.sql.Timestamp
20:28:19,005 (main) DEBUG [DataNucleus.Persistence] - TypeConverter(s) available for java.time.ZoneId to : java.lang.String
20:28:19,005 (main) DEBUG [DataNucleus.Persistence] - TypeConverter(s) available for java.time.ZoneOffset to : java.lang.String
20:28:19,005 (main) DEBUG [DataNucleus.Persistence] - TypeConverter(s) available for java.util.BitSet to : java.lang.String
20:28:19,005 (main) DEBUG [DataNucleus.Persistence] - TypeConverter(s) available for java.util.Calendar to : java.lang.String,java.util.Date,java.sql.Timestamp,[Ljava.lang.Object;
20:28:19,005 (main) DEBUG [DataNucleus.Persistence] - TypeConverter(s) available for java.util.Currency to : java.lang.String
20:28:19,005 (main) DEBUG [DataNucleus.Persistence] - TypeConverter(s) available for java.util.Date to : java.lang.String,java.lang.Long
20:28:19,005 (main) DEBUG [DataNucleus.Persistence] - TypeConverter(s) available for java.util.Locale to : java.lang.String
20:28:19,005 (main) DEBUG [DataNucleus.Persistence] - TypeConverter(s) available for java.util.TimeZone to : java.lang.String
20:28:19,005 (main) DEBUG [DataNucleus.Persistence] - TypeConverter(s) available for java.util.UUID to : java.lang.String
20:28:19,005 (main) DEBUG [DataNucleus.MetaData] - MetaDataManager : Input=(XML,Annotations), XML-Validation=false, XML-Suffices=(persistence=*.jdo, orm=orm, query=*.jdoquery) mapping-name=oracle, JDO-listener=false
20:28:19,006 (main) DEBUG [DataNucleus.MetaData] - MetaData Management : Carga de Metadata del persistence-unit "Parranderos" ...
20:28:19,006 (main) DEBUG [DataNucleus.MetaData] - MetaData Management : Carga de Metadata ya ha terminado
20:28:19,009 (main) DEBUG [DataNucleus.Datastore] - Creating StoreManager for datastore
20:28:19,175 (main) DEBUG [DataNucleus.Connection] - Creado ConnectionPool "tx" con data source de tipo dbcp2-builtin
20:28:19,175 (main) DEBUG [DataNucleus.Connection] - Registrado la factoria de connecciones transaccionales bajo el nombre "rdbms/tx"
20:28:19,175 (main) DEBUG [DataNucleus.Connection] - Registrado la factoria de connecciones nontransaccionales bajo el nombre "rdbms/nontx"
20:28:19,189 (main) DEBUG [DataNucleus.Connection] - Creado ConnectionPool "nontx" con data source de tipo dbcp2-builtin
20:28:20,098 (main) DEBUG [DataNucleus.Connection] - ManagedConnection ABIERTO : "org.datanucleus.store.rdbms.ConnectionFactoryImpl$ManagedConnectionImpl@3232a28a [conn=null, commitOnRelease=true, closeOnRelease=true, closeOnTxnEnd=true]" en resource "nontx"
20:28:20,281 (main) DEBUG [DataNucleus.Datastore] - No Soportando el tipo RDBMS de Java java.lang.Boolean, jdbc-type=BOOLEAN
20:28:20,281 (main) DEBUG [DataNucleus.Datastore] - Soporte de RDBMS configurado para el tipo "[B" con jdbc-types=[BLOB, VARBINARY, LONGVARBINARY], sql-types=[BLOB, VARBINARY, LONGVARBINARY] y defecto (jdbc-type=BLOB, sql-type=BLOB)
20:28:20,281 (main) DEBUG [DataNucleus.Datastore] - Soporte de RDBMS configurado para el tipo "java.io.File" con jdbc-types=[LONGVARBINARY], sql-types=[LONGVARBINARY] y defecto (jdbc-type=LONGVARBINARY, sql-type=LONGVARBINARY)
20:28:20,281 (main) DEBUG [DataNucleus.Datastore] - Soporte de RDBMS configurado para el tipo "java.io.Serializable" con jdbc-types=[BLOB, VARBINARY, LONGVARBINARY], sql-types=[BLOB, VARBINARY, LONGVARBINARY] y defecto (jdbc-type=BLOB, sql-type=BLOB)
20:28:20,281 (main) DEBUG [DataNucleus.Datastore] - Soporte de RDBMS configurado para el tipo "java.lang.Boolean" con jdbc-types=[NUMERIC, SMALLINT, CHAR, BIT, TINYINT], sql-types=[NUMERIC, SMALLINT, CHAR, BIT, TINYINT] y defecto (jdbc-type=NUMERIC, sql-type=NUMERIC)
20:28:20,281 (main) DEBUG [DataNucleus.Datastore] - Soporte de RDBMS configurado para el tipo "java.lang.Byte" con jdbc-types=[NUMERIC, SMALLINT, TINYINT], sql-types=[NUMERIC, SMALLINT, TINYINT] y defecto (jdbc-type=NUMERIC, sql-type=NUMERIC)
20:28:20,281 (main) DEBUG [DataNucleus.Datastore] - Soporte de RDBMS configurado para el tipo "java.lang.Character" con jdbc-types=[NUMERIC, CHAR, INTEGER], sql-types=[NUMERIC, CHAR, INTEGER] y defecto (jdbc-type=CHAR, sql-type=CHAR)
20:28:20,281 (main) DEBUG [DataNucleus.Datastore] - Soporte de RDBMS configurado para el tipo "java.lang.Double" con jdbc-types=[FLOAT, NUMERIC, DECIMAL, DOUBLE], sql-types=[FLOAT, NUMBER, DECIMAL, DOUBLE] y defecto (jdbc-type=FLOAT, sql-type=FLOAT)
20:28:20,281 (main) DEBUG [DataNucleus.Datastore] - Soporte de RDBMS configurado para el tipo "java.lang.Float" con jdbc-types=[FLOAT, NUMERIC, REAL, DECIMAL, DOUBLE], sql-types=[FLOAT, NUMBER, REAL, DECIMAL, DOUBLE] y defecto (jdbc-type=FLOAT, sql-type=FLOAT)
20:28:20,281 (main) DEBUG [DataNucleus.Datastore] - Soporte de RDBMS configurado para el tipo "java.lang.Integer" con jdbc-types=[NUMERIC, SMALLINT, BIGINT, TINYINT, INTEGER], sql-types=[NUMERIC, NUMBER, SMALLINT, BIGINT, TINYINT, INTEGER] y defecto (jdbc-type=NUMERIC, sql-type=NUMERIC)
20:28:20,281 (main) DEBUG [DataNucleus.Datastore] - Soporte de RDBMS configurado para el tipo "java.lang.Long" con jdbc-types=[NUMERIC, SMALLINT, BIGINT, TINYINT, INTEGER], sql-types=[NUMERIC, NUMBER, SMALLINT, BIGINT, INT, TINYINT] y defecto (jdbc-type=NUMERIC, sql-type=NUMERIC)
20:28:20,281 (main) DEBUG [DataNucleus.Datastore] - Soporte de RDBMS configurado para el tipo "java.lang.Short" con jdbc-types=[NUMERIC, SMALLINT, TINYINT, INTEGER], sql-types=[NUMERIC, NUMBER, SMALLINT, TINYINT, INTEGER] y defecto (jdbc-type=NUMERIC, sql-type=NUMERIC)
20:28:20,281 (main) DEBUG [DataNucleus.Datastore] - Soporte de RDBMS configurado para el tipo "java.lang.String" con jdbc-types=[XMLTYPE, BLOB, LONGVARCHAR, CLOB, VARCHAR, CHAR, BIGINT, NVARCHAR, NCHAR], sql-types=[NVARCHAR2, XMLTYPE, BLOB, LONGVARCHAR, CLOB, VARCHAR, CHAR, BIGINT, NVARCHAR, NCHAR] y defecto (jdbc-type=VARCHAR, sql-type=VARCHAR)
20:28:20,281 (main) DEBUG [DataNucleus.Datastore] - Soporte de RDBMS configurado para el tipo "java.math.BigDecimal" con jdbc-types=[NUMERIC, DECIMAL], sql-types=[NUMERIC, NUMBER, DECIMAL] y defecto (jdbc-type=NUMERIC, sql-type=NUMERIC)
20:28:20,282 (main) DEBUG [DataNucleus.Datastore] - Soporte de RDBMS configurado para el tipo "java.math.BigInteger" con jdbc-types=[NUMERIC], sql-types=[NUMERIC, NUMBER] y defecto (jdbc-type=NUMERIC, sql-type=NUMERIC)
20:28:20,282 (main) DEBUG [DataNucleus.Datastore] - Soporte de RDBMS configurado para el tipo "java.sql.Date" con jdbc-types=[DATE, TIMESTAMP, VARCHAR, CHAR, BIGINT], sql-types=[DATE, TIMESTAMP, VARCHAR, CHAR, BIGINT] y defecto (jdbc-type=DATE, sql-type=DATE)
20:28:20,282 (main) DEBUG [DataNucleus.Datastore] - Soporte de RDBMS configurado para el tipo "java.sql.Time" con jdbc-types=[TIMESTAMP, VARCHAR, CHAR, TIME, BIGINT], sql-types=[TIMESTAMP, VARCHAR, CHAR, TIME, BIGINT] y defecto (jdbc-type=TIME, sql-type=TIME)
20:28:20,282 (main) DEBUG [DataNucleus.Datastore] - Soporte de RDBMS configurado para el tipo "java.sql.Timestamp" con jdbc-types=[DATE, TIMESTAMP, VARCHAR, CHAR, TIME], sql-types=[DATE, TIMESTAMP, VARCHAR, CHAR, TIME] y defecto (jdbc-type=TIMESTAMP, sql-type=TIMESTAMP)
20:28:20,282 (main) DEBUG [DataNucleus.Datastore] - Soporte de RDBMS configurado para el tipo "java.util.Date" con jdbc-types=[DATE, TIMESTAMP, VARCHAR, CHAR, TIME, BIGINT], sql-types=[DATE, TIMESTAMP, VARCHAR, CHAR, TIME, BIGINT] y defecto (jdbc-type=TIMESTAMP, sql-type=TIMESTAMP)
20:28:20,282 (main) DEBUG [DataNucleus.Datastore] - Soporte de RDBMS configurado para el tipo "org.datanucleus.identity.DatastoreId" con jdbc-types=[NUMERIC, VARCHAR, CHAR, BIGINT, INTEGER], sql-types=[NUMERIC, VARCHAR, CHAR, BIGINT, INTEGER] y defecto (jdbc-type=NUMERIC, sql-type=NUMERIC)
20:28:20,294 (main) DEBUG [DataNucleus.Datastore] - ======================= Datastore =========================
20:28:20,294 (main) DEBUG [DataNucleus.Datastore] - StoreManager : "rdbms" (org.datanucleus.store.rdbms.RDBMSStoreManager)
20:28:20,294 (main) DEBUG [DataNucleus.Datastore] - Datastore : read-write
20:28:20,295 (main) DEBUG [DataNucleus.Datastore] - Schema Control : AutoCreate(None), Validate(None)
20:28:20,295 (main) DEBUG [DataNucleus.Datastore] - Schema : NamingFactory=datanucleus2 identifierCase=null
20:28:20,295 (main) DEBUG [DataNucleus.Datastore] - Query Languages : JDOQL, JPQL, STOREDPROC, SQL
20:28:20,295 (main) DEBUG [DataNucleus.Datastore] - Queries : Timeout=0
20:28:20,295 (main) DEBUG [DataNucleus.Datastore] - ===========================================================
20:28:20,295 (main) DEBUG [DataNucleus.Datastore] - Datastore Adapter : org.datanucleus.store.rdbms.adapter.OracleAdapter
20:28:20,295 (main) DEBUG [DataNucleus.Datastore] - Datastore : name="Oracle" version="Oracle Database 12c Enterprise Edition Release 12.1.0.2.0 - 64bit Production
With the Partitioning, OLAP, Advanced Analytics and Real Application Testing options"
20:28:20,295 (main) DEBUG [DataNucleus.Datastore] - Datastore Driver : name="Oracle JDBC driver" version="12.2.0.1.0"
20:28:20,295 (main) DEBUG [DataNucleus.Datastore] - Primary Connection Factory : URL[jdbc:oracle:thin:@fn3.oracle.virtual.uniandes.edu.co:1521:prod]
20:28:20,295 (main) DEBUG [DataNucleus.Datastore] - Secondary Connection Factory : URL[jdbc:oracle:thin:@fn3.oracle.virtual.uniandes.edu.co:1521:prod]
20:28:20,295 (main) DEBUG [DataNucleus.Datastore] - Datastore Identifiers : factory="datanucleus2" case=UPPERCASE schema=ISIS2304A031910
20:28:20,295 (main) DEBUG [DataNucleus.Datastore] - Supported Identifier Cases : "MixedCase" UPPERCASE "MixedCase-Sensitive" 
20:28:20,296 (main) DEBUG [DataNucleus.Datastore] - Supported Identifier Lengths (max) : Table=30 Column=30 Constraint=30 Index=30 Delimiter="
20:28:20,296 (main) DEBUG [DataNucleus.Datastore] - Support for Identifiers in DDL : catalog=false schema=true
20:28:20,296 (main) DEBUG [DataNucleus.Datastore] - Datastore : checkTableViewExistence, rdbmsConstraintCreateMode=DataNucleus, initialiseColumnInfo=ALL
20:28:20,296 (main) DEBUG [DataNucleus.Datastore] - Support Statement Batching : yes (max-batch-size=50)
20:28:20,296 (main) DEBUG [DataNucleus.Datastore] - Queries : Results direction=forward, type=forward-only, concurrency=read-only
20:28:20,296 (main) DEBUG [DataNucleus.Datastore] - Java-Types : string-default-length=255
20:28:20,296 (main) DEBUG [DataNucleus.Datastore] - JDBC-Types : NCLOB, NCHAR, [id=2007], REF, CLOB, BLOB, ARRAY, STRUCT, DATE, TIME, TIMESTAMP, VARCHAR, LONGVARCHAR, VARBINARY, LONGVARBINARY, BIGINT, TINYINT, BIT, NVARCHAR, [id=-101], CHAR, [id=-103], NUMERIC, [id=-102], DECIMAL, INTEGER, SMALLINT, FLOAT, REAL, DOUBLE, [id=-104]
20:28:20,296 (main) DEBUG [DataNucleus.Datastore] - ===========================================================
20:28:20,296 (main) DEBUG [DataNucleus.Connection] - ManagedConnection CERRADO : "org.datanucleus.store.rdbms.ConnectionFactoryImpl$ManagedConnectionImpl@3232a28a [conn=org.datanucleus.store.rdbms.datasource.dbcp2.PoolingDataSource$PoolGuardConnectionWrapper@53f3bdbd, commitOnRelease=true, closeOnRelease=true, closeOnTxnEnd=true]" 
20:28:20,297 (main) DEBUG [DataNucleus.Datastore] - StoreManager now created
20:28:20,299 (main) DEBUG [DataNucleus.Persistence] - Started pool of ExecutionContext (maxPool=20, reaperThread=false)
20:28:20,303 (main) DEBUG [DataNucleus.Persistence] - ================= NucleusContext ===============
20:28:20,303 (main) DEBUG [DataNucleus.Persistence] - DataNucleus Context : Versión: "5.1.10" con JRE "1.8.0_73" en "Windows 10"
20:28:20,303 (main) DEBUG [DataNucleus.Persistence] - Persistence API : JDO
20:28:20,303 (main) DEBUG [DataNucleus.Persistence] - Persistence-Unit : Parranderos
20:28:20,303 (main) DEBUG [DataNucleus.Persistence] - Plugin Registry : org.datanucleus.plugin.NonManagedPluginRegistry
20:28:20,303 (main) DEBUG [DataNucleus.Persistence] - ClassLoading : default
20:28:20,304 (main) DEBUG [DataNucleus.Persistence] - Persistence : pm-singlethreaded, nontransactional-read, nontransactional-write, reachability-at-commit, copy-on-attach, managed-relations(checked), deletion-policy=JDO2, serverTimeZone=America/Bogota
20:28:20,304 (main) DEBUG [DataNucleus.Persistence] - Transactions : type=RESOURCE_LOCAL, mode=datastore, isolation=read-committed
20:28:20,304 (main) DEBUG [DataNucleus.Persistence] - ValueGeneration : txn-isolation=read-committed connection=New
20:28:20,304 (main) DEBUG [DataNucleus.Persistence] - Cache : Level1 (soft), Level2 (soft, mode=UNSPECIFIED), QueryResults (soft), Collections/Maps 
20:28:20,304 (main) DEBUG [DataNucleus.Persistence] - ================================================
20:28:30,393 (AWT-EventQueue-0) DEBUG [DataNucleus.Persistence] - ExecutionContext "org.datanucleus.ExecutionContextImpl@e86c811" se abrió para la base de datos "org.datanucleus.store.rdbms.RDBMSStoreManager@66567705" con transaccion="org.datanucleus.TransactionImpl@19019a9a"
20:28:30,407 (AWT-EventQueue-0) DEBUG [DataNucleus.Query] - Query de SQL : "SELECT * FROM USUARIO WHERE numeroDocumento = ?"
20:28:30,415 (AWT-EventQueue-0) DEBUG [DataNucleus.Connection] - ManagedConnection ABIERTO : "org.datanucleus.store.rdbms.ConnectionFactoryImpl$ManagedConnectionImpl@7d9006d [conn=org.datanucleus.store.rdbms.datasource.dbcp2.PoolingDataSource$PoolGuardConnectionWrapper@57071b35, commitOnRelease=true, closeOnRelease=true, closeOnTxnEnd=true]" en resource "nontx" con isolación "read-committed" y auto-commit=false
20:28:30,447 (AWT-EventQueue-0) DEBUG [DataNucleus.Datastore] - Utilizando PreparedStatement "oracle.jdbc.driver.OraclePreparedStatementWrapper@1b793e0e" para la conneccion "org.datanucleus.store.rdbms.datasource.dbcp2.PoolingDataSource$PoolGuardConnectionWrapper@57071b35"
20:28:30,449 (AWT-EventQueue-0) DEBUG [DataNucleus.Datastore.Native] - SELECT * FROM USUARIO WHERE numeroDocumento = <112233>
20:28:30,461 (AWT-EventQueue-0) DEBUG [DataNucleus.Datastore.Retrieve] - SQL Tiempo de cumplir = 12 ms
20:28:30,469 (AWT-EventQueue-0) DEBUG [DataNucleus.Connection] - ManagedConnection VA A COMMIT : "org.datanucleus.store.rdbms.ConnectionFactoryImpl$ManagedConnectionImpl@7d9006d [conn=org.datanucleus.store.rdbms.datasource.dbcp2.PoolingDataSource$PoolGuardConnectionWrapper@57071b35, commitOnRelease=true, closeOnRelease=true, closeOnTxnEnd=true]"
20:28:30,474 (AWT-EventQueue-0) DEBUG [DataNucleus.Query] - Leyendo los resultados del query "org.datanucleus.store.rdbms.query.SQLQuery@7810fc6d" como la conneccion va a cerrar o cometer
20:28:30,475 (AWT-EventQueue-0) DEBUG [DataNucleus.Query] - La clase de resultado "uniandes.isis2304.parranderos.negocio.Usuario" no tiene un constructor con arguments de tipos [class java.lang.String, class java.lang.String, class java.math.BigDecimal, class java.lang.String, class java.lang.String, class java.lang.String, class java.lang.String, null, null, null]
20:28:30,475 (AWT-EventQueue-0) DEBUG [DataNucleus.Query] - La clase de resultado "uniandes.isis2304.parranderos.negocio.Usuario" no tiene un campo publico "nombre"
20:28:30,475 (AWT-EventQueue-0) DEBUG [DataNucleus.Query] - ResultObject set field=NOMBRE using public setNombre() method
20:28:30,476 (AWT-EventQueue-0) DEBUG [DataNucleus.Query] - La clase de resultado "uniandes.isis2304.parranderos.negocio.Usuario" no tiene un campo publico "rol"
20:28:30,476 (AWT-EventQueue-0) DEBUG [DataNucleus.Query] - ResultObject set field=ROL using public setRol() method
20:28:30,476 (AWT-EventQueue-0) DEBUG [DataNucleus.Query] - La clase de resultado "uniandes.isis2304.parranderos.negocio.Usuario" no tiene un campo publico "edad"
20:28:30,476 (AWT-EventQueue-0) DEBUG [DataNucleus.Query] - ResultObject set field=EDAD using setEdad() method after converting value
20:28:30,476 (AWT-EventQueue-0) DEBUG [DataNucleus.Query] - La clase de resultado "uniandes.isis2304.parranderos.negocio.Usuario" no tiene un campo publico "telefono"
20:28:30,476 (AWT-EventQueue-0) DEBUG [DataNucleus.Query] - ResultObject set field=TELEFONO using public setTelefono() method
20:28:30,476 (AWT-EventQueue-0) DEBUG [DataNucleus.Query] - La clase de resultado "uniandes.isis2304.parranderos.negocio.Usuario" no tiene un campo publico "tipoDocumento"
20:28:30,476 (AWT-EventQueue-0) DEBUG [DataNucleus.Query] - ResultObject set field=TIPODOCUMENTO using public setTipoDocumento() method
20:28:30,477 (AWT-EventQueue-0) DEBUG [DataNucleus.Query] - La clase de resultado "uniandes.isis2304.parranderos.negocio.Usuario" no tiene un campo publico "numeroDocumento"
20:28:30,477 (AWT-EventQueue-0) DEBUG [DataNucleus.Query] - ResultObject set field=NUMERODOCUMENTO using public setNumeroDocumento() method
20:28:30,477 (AWT-EventQueue-0) DEBUG [DataNucleus.Query] - La clase de resultado "uniandes.isis2304.parranderos.negocio.Usuario" no tiene un campo publico "correo"
20:28:30,477 (AWT-EventQueue-0) DEBUG [DataNucleus.Query] - ResultObject set field=CORREO using public setCorreo() method
20:28:30,477 (AWT-EventQueue-0) DEBUG [DataNucleus.Query] - La clase de resultado "uniandes.isis2304.parranderos.negocio.Usuario" no tiene un campo publico "fechaLlegada"
20:28:30,477 (AWT-EventQueue-0) DEBUG [DataNucleus.Query] - ResultObject set field=FECHALLEGADA using public setFechaLlegada() method
20:28:30,477 (AWT-EventQueue-0) DEBUG [DataNucleus.Query] - La clase de resultado "uniandes.isis2304.parranderos.negocio.Usuario" no tiene un campo publico "fechaSalida"
20:28:30,477 (AWT-EventQueue-0) DEBUG [DataNucleus.Query] - ResultObject set field=FECHASALIDA using public setFechaSalida() method
20:28:30,477 (AWT-EventQueue-0) DEBUG [DataNucleus.Query] - La clase de resultado "uniandes.isis2304.parranderos.negocio.Usuario" no tiene un campo publico "numeroHabitacion"
20:28:30,477 (AWT-EventQueue-0) DEBUG [DataNucleus.Query] - ResultObject set field=NUMEROHABITACION using public setNumeroHabitacion() method
20:28:30,478 (AWT-EventQueue-0) DEBUG [DataNucleus.Connection] - ManagedConnection CERRADO : "org.datanucleus.store.rdbms.ConnectionFactoryImpl$ManagedConnectionImpl@7d9006d [conn=org.datanucleus.store.rdbms.datasource.dbcp2.PoolingDataSource$PoolGuardConnectionWrapper@57071b35, commitOnRelease=true, closeOnRelease=true, closeOnTxnEnd=true]" 
20:28:30,485 (AWT-EventQueue-0) DEBUG [DataNucleus.Persistence] - ExecutionContext "org.datanucleus.ExecutionContextImpl@4d6ff980" se abrió para la base de datos "org.datanucleus.store.rdbms.RDBMSStoreManager@66567705" con transaccion="org.datanucleus.TransactionImpl@7f3011d0"
20:28:30,487 (AWT-EventQueue-0) DEBUG [DataNucleus.Transaction] - Transaction created [DataNucleus Transaction, ID=219300019-1, enlisted resources=[]]
20:28:30,487 (AWT-EventQueue-0) DEBUG [DataNucleus.Transaction] - Transacción empezada para el ExecutionContext org.datanucleus.ExecutionContextImpl@4d6ff980 (optimistic=false)
20:28:30,487 (AWT-EventQueue-0) DEBUG [DataNucleus.Query] - Query de SQL : "UPDATE USUARIO SET fechaLlegada = ? WHERE idUsuario = ?"
20:28:30,592 (AWT-EventQueue-0) DEBUG [DataNucleus.Connection] - ManagedConnection ABIERTO : "org.datanucleus.store.rdbms.ConnectionFactoryImpl$ManagedConnectionImpl@40fa340c [conn=org.datanucleus.store.rdbms.datasource.dbcp2.PoolingDataSource$PoolGuardConnectionWrapper@ce14a77, commitOnRelease=false, closeOnRelease=false, closeOnTxnEnd=true]" en resource "tx" con isolación "read-committed" y auto-commit=false
20:28:30,593 (AWT-EventQueue-0) DEBUG [DataNucleus.Transaction] - Running enlist operation on resource: org.datanucleus.store.rdbms.ConnectionFactoryImpl$EmulatedXAResource@139ee2b3, error code TMNOFLAGS and transaction [DataNucleus Transaction, ID=219300019-1, enlisted resources=[]]
20:28:30,593 (AWT-EventQueue-0) DEBUG [DataNucleus.Datastore] - Utilizando PreparedStatement "org.datanucleus.store.rdbms.ParamLoggingPreparedStatement@3d19d0d8" para la conneccion "org.datanucleus.store.rdbms.datasource.dbcp2.PoolingDataSource$PoolGuardConnectionWrapper@ce14a77"
20:28:30,594 (AWT-EventQueue-0) DEBUG [DataNucleus.Datastore.Native] - UPDATE USUARIO SET fechaLlegada = <2019-02-02 00:00:00.0> WHERE idUsuario = <'112233'>
20:28:30,612 (AWT-EventQueue-0) DEBUG [DataNucleus.Datastore] - Cerrando PreparedStatement "org.datanucleus.store.rdbms.ParamLoggingPreparedStatement@3d19d0d8"
20:28:30,616 (AWT-EventQueue-0) DEBUG [DataNucleus.Transaction] - Haciendo rollback de la transacción para el ExecutionContext org.datanucleus.ExecutionContextImpl@4d6ff980
20:28:30,617 (AWT-EventQueue-0) DEBUG [DataNucleus.Transaction] - Rolling back [DataNucleus Transaction, ID=219300019-1, enlisted resources=[org.datanucleus.store.rdbms.ConnectionFactoryImpl$EmulatedXAResource@139ee2b3]]
20:28:30,618 (AWT-EventQueue-0) DEBUG [DataNucleus.Connection] - ManagedConnection VA A ROLLBACK : "org.datanucleus.store.rdbms.ConnectionFactoryImpl$ManagedConnectionImpl@40fa340c [conn=org.datanucleus.store.rdbms.datasource.dbcp2.PoolingDataSource$PoolGuardConnectionWrapper@ce14a77, commitOnRelease=false, closeOnRelease=false, closeOnTxnEnd=true]"
20:28:30,626 (AWT-EventQueue-0) DEBUG [DataNucleus.Connection] - ManagedConnection CERRADO : "org.datanucleus.store.rdbms.ConnectionFactoryImpl$ManagedConnectionImpl@40fa340c [conn=org.datanucleus.store.rdbms.datasource.dbcp2.PoolingDataSource$PoolGuardConnectionWrapper@ce14a77, commitOnRelease=false, closeOnRelease=false, closeOnTxnEnd=true]" 
20:28:30,632 (AWT-EventQueue-0) DEBUG [DataNucleus.Transaction] - Transacción rolled back en 16 ms
20:28:30,633 (AWT-EventQueue-0) DEBUG [DataNucleus.Persistence] - ExecutionContext "org.datanucleus.ExecutionContextImpl@4d6ff980" se cerró
